# JRE version: OpenJDK Runtime Environment Temurin-21.0.7+6 (21.0.7+6) (build 21.0.7+6-LTS)
# Java VM: OpenJDK 64-Bit Server VM Temurin-21.0.7+6 (21.0.7+6-LTS, mixed mode, sharing, tiered, compressed oops, compressed class ptrs, parallel gc, windows-amd64)
GC Precious Log:
 CardTable entry size: 512
 CPUs: 12 total, 12 available
 Memory: 16180M
 Large Page Support: Disabled
 NUMA Support: Disabled
 Compressed Oops: Enabled (32-bit)
 Alignments: Space 512K, Generation 512K, Heap 2M
 Heap Min Capacity: 100M
 Heap Initial Capacity: 100M
 Heap Max Capacity: 2G
 Pre-touch: Disabled
 Parallel Workers: 10
Heap:
 PSYoungGen      total 5632K, used 480K [0x00000000d5580000, 0x00000000d5c00000, 0x0000000100000000)
  eden space 4608K, 0% used [0x00000000d5580000,0x00000000d5580000,0x00000000d5a00000)
  from space 1024K, 46% used [0x00000000d5a00000,0x00000000d5a78000,0x00000000d5b00000)
  to   space 1024K, 0% used [0x00000000d5b00000,0x00000000d5b00000,0x00000000d5c00000)
 ParOldGen       total 694272K, used 693898K [0x0000000080000000, 0x00000000aa600000, 0x00000000d5580000)
  object space 694272K, 99% used [0x0000000080000000,0x00000000aa5a2900,0x00000000aa600000)
 Metaspace       used 78269K, committed 80000K, reserved 1179648K
  class space    used 7891K, committed 8640K, reserved 1048576K
GC Heap History (20 events):
Event: 43833.456 GC heap after
{Heap after GC invocations=1615 (full 3):
 PSYoungGen      total 6144K, used 688K [0x00000000d5580000, 0x00000000d5c80000, 0x0000000100000000)
  eden space 5120K, 0% used [0x00000000d5580000,0x00000000d5580000,0x00000000d5a80000)
  from space 1024K, 67% used [0x00000000d5b80000,0x00000000d5c2c010,0x00000000d5c80000)
  to   space 1024K, 0% used [0x00000000d5a80000,0x00000000d5a80000,0x00000000d5b80000)
 ParOldGen       total 688640K, used 688598K [0x0000000080000000, 0x00000000aa080000, 0x00000000d5580000)
  object space 688640K, 99% used [0x0000000080000000,0x00000000aa075930,0x00000000aa080000)
 Metaspace       used 78100K, committed 79744K, reserved 1179648K
  class space    used 7882K, committed 8640K, reserved 1048576K
}
Event: 43833.472 GC heap before
{Heap before GC invocations=1616 (full 3):
 PSYoungGen      total 6144K, used 5808K [0x00000000d5580000, 0x00000000d5c80000, 0x0000000100000000)
  eden space 5120K, 100% used [0x00000000d5580000,0x00000000d5a80000,0x00000000d5a80000)
  from space 1024K, 67% used [0x00000000d5b80000,0x00000000d5c2c010,0x00000000d5c80000)
  to   space 1024K, 0% used [0x00000000d5a80000,0x00000000d5a80000,0x00000000d5b80000)
 ParOldGen       total 688640K, used 688598K [0x0000000080000000, 0x00000000aa080000, 0x00000000d5580000)
  object space 688640K, 99% used [0x0000000080000000,0x00000000aa075930,0x00000000aa080000)
 Metaspace       used 78126K, committed 79808K, reserved 1179648K
  class space    used 7882K, committed 8640K, reserved 1048576K
}
Event: 43833.474 GC heap after
{Heap after GC invocations=1616 (full 3):
 PSYoungGen      total 6144K, used 1012K [0x00000000d5580000, 0x00000000d5e80000, 0x0000000100000000)
  eden space 5120K, 0% used [0x00000000d5580000,0x00000000d5580000,0x00000000d5a80000)
  from space 1024K, 98% used [0x00000000d5a80000,0x00000000d5b7d200,0x00000000d5b80000)
  to   space 2048K, 0% used [0x00000000d5c80000,0x00000000d5c80000,0x00000000d5e80000)
 ParOldGen       total 689152K, used 689132K [0x0000000080000000, 0x00000000aa100000, 0x00000000d5580000)
  object space 689152K, 99% used [0x0000000080000000,0x00000000aa0fb100,0x00000000aa100000)
 Metaspace       used 78126K, committed 79808K, reserved 1179648K
  class space    used 7882K, committed 8640K, reserved 1048576K
}
Event: 43833.480 GC heap before
{Heap before GC invocations=1617 (full 3):
 PSYoungGen      total 6144K, used 6132K [0x00000000d5580000, 0x00000000d5e80000, 0x0000000100000000)
  eden space 5120K, 100% used [0x00000000d5580000,0x00000000d5a80000,0x00000000d5a80000)
  from space 1024K, 98% used [0x00000000d5a80000,0x00000000d5b7d200,0x00000000d5b80000)
  to   space 2048K, 0% used [0x00000000d5c80000,0x00000000d5c80000,0x00000000d5e80000)
 ParOldGen       total 689152K, used 689132K [0x0000000080000000, 0x00000000aa100000, 0x00000000d5580000)
  object space 689152K, 99% used [0x0000000080000000,0x00000000aa0fb100,0x00000000aa100000)
 Metaspace       used 78127K, committed 79808K, reserved 1179648K
  class space    used 7882K, committed 8640K, reserved 1048576K
}
Event: 43833.481 GC heap after
{Heap after GC invocations=1617 (full 3):
 PSYoungGen      total 6144K, used 704K [0x00000000d5580000, 0x00000000d5d80000, 0x0000000100000000)
  eden space 5120K, 0% used [0x00000000d5580000,0x00000000d5580000,0x00000000d5a80000)
  from space 1024K, 68% used [0x00000000d5c80000,0x00000000d5d30000,0x00000000d5d80000)
  to   space 1024K, 0% used [0x00000000d5a80000,0x00000000d5a80000,0x00000000d5b80000)
 ParOldGen       total 690176K, used 690084K [0x0000000080000000, 0x00000000aa200000, 0x00000000d5580000)
  object space 690176K, 99% used [0x0000000080000000,0x00000000aa1e9270,0x00000000aa200000)
 Metaspace       used 78127K, committed 79808K, reserved 1179648K
  class space    used 7882K, committed 8640K, reserved 1048576K
}
Event: 43833.494 GC heap before
{Heap before GC invocations=1618 (full 3):
 PSYoungGen      total 6144K, used 5824K [0x00000000d5580000, 0x00000000d5d80000, 0x0000000100000000)
  eden space 5120K, 100% used [0x00000000d5580000,0x00000000d5a80000,0x00000000d5a80000)
  from space 1024K, 68% used [0x00000000d5c80000,0x00000000d5d30000,0x00000000d5d80000)
  to   space 1024K, 0% used [0x00000000d5a80000,0x00000000d5a80000,0x00000000d5b80000)
 ParOldGen       total 690176K, used 690084K [0x0000000080000000, 0x00000000aa200000, 0x00000000d5580000)
  object space 690176K, 99% used [0x0000000080000000,0x00000000aa1e9270,0x00000000aa200000)
 Metaspace       used 78138K, committed 79808K, reserved 1179648K
  class space    used 7882K, committed 8640K, reserved 1048576K
}
Event: 43833.495 GC heap after
{Heap after GC invocations=1618 (full 3):
 PSYoungGen      total 6144K, used 880K [0x00000000d5580000, 0x00000000d5d00000, 0x0000000100000000)
  eden space 5120K, 0% used [0x00000000d5580000,0x00000000d5580000,0x00000000d5a80000)
  from space 1024K, 85% used [0x00000000d5a80000,0x00000000d5b5c030,0x00000000d5b80000)
  to   space 1024K, 0% used [0x00000000d5c00000,0x00000000d5c00000,0x00000000d5d00000)
 ParOldGen       total 690688K, used 690592K [0x0000000080000000, 0x00000000aa280000, 0x00000000d5580000)
  object space 690688K, 99% used [0x0000000080000000,0x00000000aa268280,0x00000000aa280000)
 Metaspace       used 78138K, committed 79808K, reserved 1179648K
  class space    used 7882K, committed 8640K, reserved 1048576K
}
Event: 43833.943 GC heap before
{Heap before GC invocations=1619 (full 3):
 PSYoungGen      total 6144K, used 6000K [0x00000000d5580000, 0x00000000d5d00000, 0x0000000100000000)
  eden space 5120K, 100% used [0x00000000d5580000,0x00000000d5a80000,0x00000000d5a80000)
  from space 1024K, 85% used [0x00000000d5a80000,0x00000000d5b5c030,0x00000000d5b80000)
  to   space 1024K, 0% used [0x00000000d5c00000,0x00000000d5c00000,0x00000000d5d00000)
 ParOldGen       total 690688K, used 690592K [0x0000000080000000, 0x00000000aa280000, 0x00000000d5580000)
  object space 690688K, 99% used [0x0000000080000000,0x00000000aa268280,0x00000000aa280000)
 Metaspace       used 78173K, committed 79936K, reserved 1179648K
  class space    used 7882K, committed 8640K, reserved 1048576K
}
Event: 43833.945 GC heap after
{Heap after GC invocations=1619 (full 3):
 PSYoungGen      total 6144K, used 788K [0x00000000d5580000, 0x00000000d5d00000, 0x0000000100000000)
  eden space 5120K, 0% used [0x00000000d5580000,0x00000000d5580000,0x00000000d5a80000)
  from space 1024K, 77% used [0x00000000d5c00000,0x00000000d5cc5200,0x00000000d5d00000)
  to   space 1024K, 0% used [0x00000000d5a80000,0x00000000d5a80000,0x00000000d5b80000)
 ParOldGen       total 691712K, used 691312K [0x0000000080000000, 0x00000000aa380000, 0x00000000d5580000)
  object space 691712K, 99% used [0x0000000080000000,0x00000000aa31c2c0,0x00000000aa380000)
 Metaspace       used 78173K, committed 79936K, reserved 1179648K
  class space    used 7882K, committed 8640K, reserved 1048576K
}
Event: 43833.953 GC heap before
{Heap before GC invocations=1620 (full 3):
 PSYoungGen      total 6144K, used 5908K [0x00000000d5580000, 0x00000000d5d00000, 0x0000000100000000)
  eden space 5120K, 100% used [0x00000000d5580000,0x00000000d5a80000,0x00000000d5a80000)
  from space 1024K, 77% used [0x00000000d5c00000,0x00000000d5cc5200,0x00000000d5d00000)
  to   space 1024K, 0% used [0x00000000d5a80000,0x00000000d5a80000,0x00000000d5b80000)
 ParOldGen       total 691712K, used 691312K [0x0000000080000000, 0x00000000aa380000, 0x00000000d5580000)
  object space 691712K, 99% used [0x0000000080000000,0x00000000aa31c2c0,0x00000000aa380000)
 Metaspace       used 78181K, committed 79936K, reserved 1179648K
  class space    used 7884K, committed 8640K, reserved 1048576K
}
Event: 43833.954 GC heap after
{Heap after GC invocations=1620 (full 3):
 PSYoungGen      total 6144K, used 512K [0x00000000d5580000, 0x00000000d5c80000, 0x0000000100000000)
  eden space 5120K, 0% used [0x00000000d5580000,0x00000000d5580000,0x00000000d5a80000)
  from space 1024K, 50% used [0x00000000d5a80000,0x00000000d5b00020,0x00000000d5b80000)
  to   space 1024K, 0% used [0x00000000d5b80000,0x00000000d5b80000,0x00000000d5c80000)
 ParOldGen       total 692224K, used 691971K [0x0000000080000000, 0x00000000aa400000, 0x00000000d5580000)
  object space 692224K, 99% used [0x0000000080000000,0x00000000aa3c0c00,0x00000000aa400000)
 Metaspace       used 78181K, committed 79936K, reserved 1179648K
  class space    used 7884K, committed 8640K, reserved 1048576K
}
Event: 43834.365 GC heap before
{Heap before GC invocations=1621 (full 3):
 PSYoungGen      total 6144K, used 5632K [0x00000000d5580000, 0x00000000d5c80000, 0x0000000100000000)
  eden space 5120K, 100% used [0x00000000d5580000,0x00000000d5a80000,0x00000000d5a80000)
  from space 1024K, 50% used [0x00000000d5a80000,0x00000000d5b00020,0x00000000d5b80000)
  to   space 1024K, 0% used [0x00000000d5b80000,0x00000000d5b80000,0x00000000d5c80000)
 ParOldGen       total 692224K, used 691971K [0x0000000080000000, 0x00000000aa400000, 0x00000000d5580000)
  object space 692224K, 99% used [0x0000000080000000,0x00000000aa3c0c00,0x00000000aa400000)
 Metaspace       used 78239K, committed 80000K, reserved 1179648K
  class space    used 7891K, committed 8640K, reserved 1048576K
}
Event: 43834.367 GC heap after
{Heap after GC invocations=1621 (full 3):
 PSYoungGen      total 5632K, used 976K [0x00000000d5580000, 0x00000000d5d80000, 0x0000000100000000)
  eden space 4608K, 0% used [0x00000000d5580000,0x00000000d5580000,0x00000000d5a00000)
  from space 1024K, 95% used [0x00000000d5b80000,0x00000000d5c74010,0x00000000d5c80000)
  to   space 1536K, 0% used [0x00000000d5a00000,0x00000000d5a00000,0x00000000d5b80000)
 ParOldGen       total 692736K, used 692387K [0x0000000080000000, 0x00000000aa480000, 0x00000000d5580000)
  object space 692736K, 99% used [0x0000000080000000,0x00000000aa428c40,0x00000000aa480000)
 Metaspace       used 78239K, committed 80000K, reserved 1179648K
  class space    used 7891K, committed 8640K, reserved 1048576K
}
Event: 43844.367 GC heap before
{Heap before GC invocations=1622 (full 3):
 PSYoungGen      total 5632K, used 5584K [0x00000000d5580000, 0x00000000d5d80000, 0x0000000100000000)
  eden space 4608K, 100% used [0x00000000d5580000,0x00000000d5a00000,0x00000000d5a00000)
  from space 1024K, 95% used [0x00000000d5b80000,0x00000000d5c74010,0x00000000d5c80000)
  to   space 1536K, 0% used [0x00000000d5a00000,0x00000000d5a00000,0x00000000d5b80000)
 ParOldGen       total 692736K, used 692387K [0x0000000080000000, 0x00000000aa480000, 0x00000000d5580000)
  object space 692736K, 99% used [0x0000000080000000,0x00000000aa428c40,0x00000000aa480000)
 Metaspace       used 78247K, committed 80000K, reserved 1179648K
  class space    used 7891K, committed 8640K, reserved 1048576K
}
Event: 43844.368 GC heap after
{Heap after GC invocations=1622 (full 3):
 PSYoungGen      total 5120K, used 304K [0x00000000d5580000, 0x00000000d5c00000, 0x0000000100000000)
  eden space 4608K, 0% used [0x00000000d5580000,0x00000000d5580000,0x00000000d5a00000)
  from space 512K, 59% used [0x00000000d5a00000,0x00000000d5a4c010,0x00000000d5a80000)
  to   space 1024K, 0% used [0x00000000d5b00000,0x00000000d5b00000,0x00000000d5c00000)
 ParOldGen       total 693760K, used 693277K [0x0000000080000000, 0x00000000aa580000, 0x00000000d5580000)
  object space 693760K, 99% used [0x0000000080000000,0x00000000aa5076d0,0x00000000aa580000)
 Metaspace       used 78247K, committed 80000K, reserved 1179648K
  class space    used 7891K, committed 8640K, reserved 1048576K
}
Event: 43844.379 GC heap before
{Heap before GC invocations=1623 (full 3):
 PSYoungGen      total 5120K, used 4912K [0x00000000d5580000, 0x00000000d5c00000, 0x0000000100000000)
  eden space 4608K, 100% used [0x00000000d5580000,0x00000000d5a00000,0x00000000d5a00000)
  from space 512K, 59% used [0x00000000d5a00000,0x00000000d5a4c010,0x00000000d5a80000)
  to   space 1024K, 0% used [0x00000000d5b00000,0x00000000d5b00000,0x00000000d5c00000)
 ParOldGen       total 693760K, used 693277K [0x0000000080000000, 0x00000000aa580000, 0x00000000d5580000)
  object space 693760K, 99% used [0x0000000080000000,0x00000000aa5076d0,0x00000000aa580000)
 Metaspace       used 78250K, committed 80000K, reserved 1179648K
  class space    used 7891K, committed 8640K, reserved 1048576K
}
Event: 43844.380 GC heap after
{Heap after GC invocations=1623 (full 3):
 PSYoungGen      total 5632K, used 682K [0x00000000d5580000, 0x00000000d5c00000, 0x0000000100000000)
  eden space 4608K, 0% used [0x00000000d5580000,0x00000000d5580000,0x00000000d5a00000)
  from space 1024K, 66% used [0x00000000d5b00000,0x00000000d5baa910,0x00000000d5c00000)
  to   space 1024K, 0% used [0x00000000d5a00000,0x00000000d5a00000,0x00000000d5b00000)
 ParOldGen       total 693760K, used 693373K [0x0000000080000000, 0x00000000aa580000, 0x00000000d5580000)
  object space 693760K, 99% used [0x0000000080000000,0x00000000aa51f6d0,0x00000000aa580000)
 Metaspace       used 78250K, committed 80000K, reserved 1179648K
  class space    used 7891K, committed 8640K, reserved 1048576K
}
Event: 43844.394 GC heap before
{Heap before GC invocations=1624 (full 3):
 PSYoungGen      total 5632K, used 2921K [0x00000000d5580000, 0x00000000d5c00000, 0x0000000100000000)
  eden space 4608K, 48% used [0x00000000d5580000,0x00000000d57afd40,0x00000000d5a00000)
  from space 1024K, 66% used [0x00000000d5b00000,0x00000000d5baa910,0x00000000d5c00000)
  to   space 1024K, 0% used [0x00000000d5a00000,0x00000000d5a00000,0x00000000d5b00000)
 ParOldGen       total 693760K, used 693373K [0x0000000080000000, 0x00000000aa580000, 0x00000000d5580000)
  object space 693760K, 99% used [0x0000000080000000,0x00000000aa51f6d0,0x00000000aa580000)
 Metaspace       used 78269K, committed 80000K, reserved 1179648K
  class space    used 7891K, committed 8640K, reserved 1048576K
}
Event: 43844.396 GC heap after
{Heap after GC invocations=1624 (full 3):
 PSYoungGen      total 5632K, used 480K [0x00000000d5580000, 0x00000000d5c00000, 0x0000000100000000)
  eden space 4608K, 0% used [0x00000000d5580000,0x00000000d5580000,0x00000000d5a00000)
  from space 1024K, 46% used [0x00000000d5a00000,0x00000000d5a78000,0x00000000d5b00000)
  to   space 1024K, 0% used [0x00000000d5b00000,0x00000000d5b00000,0x00000000d5c00000)
 ParOldGen       total 694272K, used 693898K [0x0000000080000000, 0x00000000aa600000, 0x00000000d5580000)
  object space 694272K, 99% used [0x0000000080000000,0x00000000aa5a2900,0x00000000aa600000)
 Metaspace       used 78269K, committed 80000K, reserved 1179648K
  class space    used 7891K, committed 8640K, reserved 1048576K
}
Event: 43844.396 GC heap before
{Heap before GC invocations=1625 (full 4):
 PSYoungGen      total 5632K, used 480K [0x00000000d5580000, 0x00000000d5c00000, 0x0000000100000000)
  eden space 4608K, 0% used [0x00000000d5580000,0x00000000d5580000,0x00000000d5a00000)
  from space 1024K, 46% used [0x00000000d5a00000,0x00000000d5a78000,0x00000000d5b00000)
  to   space 1024K, 0% used [0x00000000d5b00000,0x00000000d5b00000,0x00000000d5c00000)
 ParOldGen       total 694272K, used 693898K [0x0000000080000000, 0x00000000aa600000, 0x00000000d5580000)
  object space 694272K, 99% used [0x0000000080000000,0x00000000aa5a2900,0x00000000aa600000)
 Metaspace       used 78269K, committed 80000K, reserved 1179648K
  class space    used 7891K, committed 8640K, reserved 1048576K
}

